<?xml version="1.0" encoding="UTF-8"?>
<!-- Generated by org.testng.reporters.JUnitReportReporter -->
<testsuite hostname="DESKTOP-4BJFDL5" failures="0" tests="1" name="scripts_Vtiger.Script1" time="74.592" errors="0" timestamp="2024-07-11T15:53:22 IST" skipped="0">
  <testcase classname="scripts_Vtiger.Script1" name="script1" time="74.592"/>
  <system-out/>
</testsuite> <!-- scripts_Vtiger.Script1 -->
