<?xml version="1.0" encoding="UTF-8"?>
<!-- Generated by org.testng.reporters.JUnitReportReporter -->
<testsuite hostname="DESKTOP-4BJFDL5" failures="0" tests="1" name="scripts_Vtiger.Script3" time="25.736" errors="0" timestamp="2024-07-13T16:03:44 IST" skipped="0">
  <testcase classname="scripts_Vtiger.Script3" name="script3" time="25.736"/>
  <system-out>
    <![CDATA[Test Script Excution Stared
Test Script Passed]]>
  </system-out>
</testsuite> <!-- scripts_Vtiger.Script3 -->
