<?xml version="1.0" encoding="UTF-8"?>
<!-- Generated by org.testng.reporters.JUnitReportReporter -->
<testsuite hostname="DESKTOP-4BJFDL5" failures="0" tests="2" name="testNgTopic.DataProviderProgram" time="0.057" errors="0" timestamp="2024-07-09T15:51:28 IST" skipped="0">
  <testcase classname="testNgTopic.DataProviderProgram" name="details" time="0.013"/>
  <system-out>
    <![CDATA[lavs
O+
lavs@gmail.com]]>
  </system-out>
  <testcase classname="testNgTopic.DataProviderProgram" name="details" time="0.044"/>
  <system-out>
    <![CDATA[raghav
A+
raghav@gmail.com]]>
  </system-out>
</testsuite> <!-- testNgTopic.DataProviderProgram -->
