<?xml version="1.0" encoding="UTF-8"?>
<!-- Generated by org.testng.reporters.JUnitReportReporter -->
<testsuite hostname="DESKTOP-4BJFDL5" failures="0" tests="6" name="helperAttribute.LearningInvocationCount" time="64.216" errors="0" timestamp="2024-07-02T14:40:23 IST" skipped="0">
  <testcase classname="helperAttribute.LearningInvocationCount" name="launch" time="24.324"/>
  <system-out/>
  <testcase classname="helperAttribute.LearningInvocationCount" name="launch" time="19.977"/>
  <system-out/>
  <testcase classname="helperAttribute.LearningInvocationCount" name="demo" time="0.002"/>
  <system-out>
    <![CDATA[testng]]>
  </system-out>
  <testcase classname="helperAttribute.LearningInvocationCount" name="demo" time="0.003"/>
  <system-out>
    <![CDATA[testng]]>
  </system-out>
  <testcase classname="helperAttribute.LearningInvocationCount" name="demo" time="0.021"/>
  <system-out>
    <![CDATA[testng]]>
  </system-out>
  <testcase classname="helperAttribute.LearningInvocationCount" name="launch" time="19.889"/>
  <system-out/>
</testsuite> <!-- helperAttribute.LearningInvocationCount -->
