<?xml version="1.0" encoding="UTF-8"?>
<!-- Generated by org.testng.reporters.JUnitReportReporter -->
<testsuite hostname="DESKTOP-4BJFDL5" failures="0" tests="3" name="helperAttribute.LearningThreadPoolSize" time="50.557" errors="0" timestamp="2024-07-02T15:01:09 IST" skipped="0">
  <testcase classname="helperAttribute.LearningThreadPoolSize" name="launch" time="13.527"/>
  <system-out/>
  <testcase classname="helperAttribute.LearningThreadPoolSize" name="launch" time="18.985"/>
  <system-out/>
  <testcase classname="helperAttribute.LearningThreadPoolSize" name="launch" time="18.045"/>
  <system-out/>
</testsuite> <!-- helperAttribute.LearningThreadPoolSize -->
