<?xml version="1.0" encoding="UTF-8"?>
<!-- Generated by org.testng.reporters.JUnitReportReporter -->
<testsuite hostname="DESKTOP-4BJFDL5" failures="0" tests="3" name="testNgTopic.MultipleDataUsingDataProvider" time="70.677" errors="0" timestamp="2024-07-13T15:59:36 IST" skipped="0">
  <testcase classname="testNgTopic.MultipleDataUsingDataProvider" name="details" time="24.375"/>
  <system-out/>
  <testcase classname="testNgTopic.MultipleDataUsingDataProvider" name="details" time="23.353"/>
  <system-out/>
  <testcase classname="testNgTopic.MultipleDataUsingDataProvider" name="details" time="22.949"/>
  <system-out/>
</testsuite> <!-- testNgTopic.MultipleDataUsingDataProvider -->
